<?xml version="1.0" encoding="UTF-8" standalone="no"?>
<!DOCTYPE log SYSTEM "logger.dtd">
<log>
<record>
  <date>2019-10-05T13:14:22</date>
  <millis>1570306462484</millis>
  <sequence>0</sequence>
  <level>START</level>
  <class>com.kms.katalon.core.logging.XmlKeywordLogger</class>
  <method>startSuite</method>
  <thread>1</thread>
  <message>Start Test Suite : Test Suites/TumblrRSS</message>
  <nestedLevel>0</nestedLevel>
  <property name="name">TumblrRSS</property>
  <property name="description"></property>
  <property name="id">Test Suites/TumblrRSS</property>
</record>
<record>
  <date>2019-10-05T13:14:22</date>
  <millis>1570306462556</millis>
  <sequence>1</sequence>
  <level>RUN_DATA</level>
  <class>com.kms.katalon.core.logging.XmlKeywordLogger</class>
  <method>logMessage</method>
  <thread>1</thread>
  <message>hostName = Administrator - WIN-46S82Q2PKTK</message>
  <nestedLevel>0</nestedLevel>
  <property name="hostName">Administrator - WIN-46S82Q2PKTK</property>
</record>
<record>
  <date>2019-10-05T13:14:22</date>
  <millis>1570306462626</millis>
  <sequence>2</sequence>
  <level>RUN_DATA</level>
  <class>com.kms.katalon.core.logging.XmlKeywordLogger</class>
  <method>logMessage</method>
  <thread>1</thread>
  <message>os = Windows Server 2012 R2 64bit</message>
  <nestedLevel>0</nestedLevel>
  <property name="os">Windows Server 2012 R2 64bit</property>
</record>
<record>
  <date>2019-10-05T13:14:22</date>
  <millis>1570306462628</millis>
  <sequence>3</sequence>
  <level>RUN_DATA</level>
  <class>com.kms.katalon.core.logging.XmlKeywordLogger</class>
  <method>logMessage</method>
  <thread>1</thread>
  <message>hostAddress = 23.249.168.14</message>
  <nestedLevel>0</nestedLevel>
  <property name="hostAddress">23.249.168.14</property>
</record>
<record>
  <date>2019-10-05T13:14:22</date>
  <millis>1570306462631</millis>
  <sequence>4</sequence>
  <level>RUN_DATA</level>
  <class>com.kms.katalon.core.logging.XmlKeywordLogger</class>
  <method>logMessage</method>
  <thread>1</thread>
  <message>katalonVersion = 6.3.3.11</message>
  <nestedLevel>0</nestedLevel>
  <property name="katalonVersion">6.3.3.11</property>
</record>
